<?xml version="1.0" encoding="UTF-8"?>
<!-- Generated by org.testng.reporters.JUnitReportReporter -->
<testsuite hostname="MBP.local" failures="0" tests="1" name="TestCaseExecution2.RoyalEnfield" time="4.076" errors="0" timestamp="2025-02-04T13:30:04 IST" skipped="0">
  <testcase classname="TestCaseExecution2.RoyalEnfield" name="royalEnfield" time="4.076"/>
</testsuite> <!-- TestCaseExecution2.RoyalEnfield -->
