<?xml version="1.0" encoding="UTF-8"?>
<!-- Generated by org.testng.reporters.JUnitReportReporter -->
<testsuite hostname="MBP.local" failures="0" tests="2" name="TestNGExe.DemoClass" time="20.414" errors="0" timestamp="2025-01-30T12:16:29 IST" skipped="0">
  <testcase classname="TestNGExe.DemoClass" name="main2" time="13.255"/>
  <testcase classname="TestNGExe.DemoClass" name="mani" time="7.159"/>
</testsuite> <!-- TestNGExe.DemoClass -->
