<?xml version="1.0" encoding="UTF-8"?>
<!-- Generated by org.testng.reporters.JUnitReportReporter -->
<testsuite hostname="MBP.local" failures="0" tests="6" name="TestNGExe.InvocationsType" time="58.446" errors="0" timestamp="2025-01-24T11:31:31 IST" skipped="0">
  <testcase classname="TestNGExe.InvocationsType" name="rcb" time="3.840"/>
  <testcase classname="TestNGExe.InvocationsType" name="rcb" time="3.842"/>
  <testcase classname="TestNGExe.InvocationsType" name="csk" time="20.785"/>
  <testcase classname="TestNGExe.InvocationsType" name="csk" time="21.295"/>
  <testcase classname="TestNGExe.InvocationsType" name="dws" time="4.536"/>
  <testcase classname="TestNGExe.InvocationsType" name="dws" time="4.148"/>
</testsuite> <!-- TestNGExe.InvocationsType -->
