<?xml version="1.0" encoding="UTF-8"?>
<!-- Generated by org.testng.reporters.JUnitReportReporter -->
<testsuite hostname="MBP.local" failures="0" tests="1" name="DataDrivenTesting.ReadFromXml" time="11.089" errors="0" timestamp="2025-02-04T13:51:39 IST" skipped="0">
  <testcase classname="DataDrivenTesting.ReadFromXml" name="main" time="11.089"/>
</testsuite> <!-- DataDrivenTesting.ReadFromXml -->
