<?xml version="1.0" encoding="UTF-8"?>
<!-- Generated by org.testng.reporters.JUnitReportReporter -->
<testsuite hostname="MBP.local" failures="0" tests="1" name="ExtenteReportMethods.SampleReport" time="0.418" errors="0" timestamp="2025-02-15T11:16:14 IST" skipped="0">
  <testcase classname="ExtenteReportMethods.SampleReport" name="reports" time="0.418"/>
</testsuite> <!-- ExtenteReportMethods.SampleReport -->
