<?xml version="1.0" encoding="UTF-8"?>
<!-- Generated by org.testng.reporters.JUnitReportReporter -->
<testsuite hostname="MBP.local" failures="0" tests="1" name="TestCaseExecution1.Dws" time="16.489" errors="0" timestamp="2025-02-04T13:30:04 IST" skipped="0">
  <testcase classname="TestCaseExecution1.Dws" name="dws" time="16.489"/>
</testsuite> <!-- TestCaseExecution1.Dws -->
