<?xml version="1.0" encoding="UTF-8"?>
<!-- Generated by org.testng.reporters.JUnitReportReporter -->
<testsuite hostname="MBP.local" failures="0" tests="4" name="TestNGExe.UsingDataProvider" time="43.767" errors="0" timestamp="2025-02-06T13:29:18 IST" skipped="0">
  <testcase classname="TestNGExe.UsingDataProvider" name="dws" time="11.302">
    <system-out>
      <![CDATA[I'm reciever for login]]>
    </system-out>
  </testcase> <!-- dws -->
  <testcase classname="TestNGExe.UsingDataProvider" name="dws" time="10.578">
    <system-out>
      <![CDATA[I'm reciever for login]]>
    </system-out>
  </testcase> <!-- dws -->
  <testcase classname="TestNGExe.UsingDataProvider" name="dws" time="11.806">
    <system-out>
      <![CDATA[I'm reciever for login]]>
    </system-out>
  </testcase> <!-- dws -->
  <testcase classname="TestNGExe.UsingDataProvider" name="dws" time="10.081">
    <system-out>
      <![CDATA[I'm reciever for login]]>
    </system-out>
  </testcase> <!-- dws -->
  <system-out>
    <![CDATA[I'm a data provider
I'm reciever for login
I'm reciever for login
I'm reciever for login
I'm reciever for login]]>
  </system-out>
</testsuite> <!-- TestNGExe.UsingDataProvider -->
