<?xml version="1.0" encoding="UTF-8"?>
<!-- Generated by org.testng.reporters.JUnitReportReporter -->
<testsuite hostname="MBP.local" failures="0" tests="3" name="TestNGExe.ConfiguratiionAnnotations" time="0.012" errors="0" timestamp="2025-01-30T11:49:23 IST" skipped="0">
  <testcase classname="TestNGExe.ConfiguratiionAnnotations" name="testMethod2" time="0.002"/>
  <testcase classname="TestNGExe.ConfiguratiionAnnotations" name="testMethod" time="0.007"/>
  <testcase classname="TestNGExe.ConfiguratiionAnnotations" name="testMethod3" time="0.003"/>
</testsuite> <!-- TestNGExe.ConfiguratiionAnnotations -->
