<?xml version="1.0" encoding="UTF-8"?>
<!-- Generated by org.testng.reporters.JUnitReportReporter -->
<testsuite hostname="Anups-MacBook-Pro.local" failures="0" tests="3" name="TestNGExe.ExecutionTestNG" time="0.006" errors="0" timestamp="2025-01-23T12:02:34 IST" skipped="0">
  <testcase classname="TestNGExe.ExecutionTestNG" name="mani" time="0.001"/>
  <testcase classname="TestNGExe.ExecutionTestNG" name="Sumit" time="0.004"/>
  <testcase classname="TestNGExe.ExecutionTestNG" name="apple" time="0.001"/>
</testsuite> <!-- TestNGExe.ExecutionTestNG -->
