<?xml version="1.0" encoding="UTF-8"?>
<!-- Generated by org.testng.reporters.JUnitReportReporter -->
<testsuite hostname="MBP.local" failures="0" tests="1" name="Assertion.AssertTrueMethod" time="10.024" errors="0" timestamp="2025-02-07T13:40:12 IST" skipped="0">
  <testcase classname="Assertion.AssertTrueMethod" name="test" time="10.024">
    <system-out>
      <![CDATA[I'm in the Correct Page.
All things a good]]>
    </system-out>
  </testcase> <!-- test -->
  <system-out>
    <![CDATA[I'm in the Correct Page.
All things a good]]>
  </system-out>
</testsuite> <!-- Assertion.AssertTrueMethod -->
