<?xml version="1.0" encoding="UTF-8"?>
<!-- Generated by org.testng.reporters.JUnitReportReporter -->
<testsuite hostname="MBP.local" failures="0" tests="3" name="TestCaseExecution1.Ecommerce" time="9.832" errors="0" timestamp="2025-02-15T14:08:28 IST" skipped="0">
  <testcase classname="TestCaseExecution1.Ecommerce" name="amazon" time="3.694">
    <system-out>
      <![CDATA[onTestStart for - amazon
onTestSuccess for - amazon]]>
    </system-out>
  </testcase> <!-- amazon -->
  <testcase classname="TestCaseExecution1.Ecommerce" name="dws" time="2.262">
    <system-out>
      <![CDATA[onTestStart for - dws
onTestSuccess for - dws]]>
    </system-out>
  </testcase> <!-- dws -->
  <testcase classname="TestCaseExecution1.Ecommerce" name="flipkart" time="3.876">
    <system-out>
      <![CDATA[onTestStart for - flipkart
onTestSuccess for - flipkart]]>
    </system-out>
  </testcase> <!-- flipkart -->
  <system-out>
    <![CDATA[onStart
onTestStart for - dws
onTestSuccess for - dws
onTestStart for - csk
onTestSuccess for - csk
onTestStart for - tvs
onTestSuccess for - tvs
onTestStart for - royalEnfield
onTestSuccess for - royalEnfield
onTestStart for - amazon
onTestSuccess for - amazon
onTestStart for - dws
onTestSuccess for - dws
onTestStart for - flipkart
onTestSuccess for - flipkart
onTestStart for - rcb
onTestSuccess for - rcb
onTestStart for - ktm
onTestSuccess for - ktm]]>
  </system-out>
</testsuite> <!-- TestCaseExecution1.Ecommerce -->
