<?xml version="1.0" encoding="UTF-8"?>
<!-- Generated by org.testng.reporters.JUnitReportReporter -->
<testsuite hostname="MBP.local" failures="0" tests="3" name="TestNGExe.DependsOnMethod" time="25.814" errors="0" timestamp="2025-01-30T09:08:57 IST" skipped="0">
  <testcase classname="TestNGExe.DependsOnMethod" name="updateAccount" time="8.760"/>
  <testcase classname="TestNGExe.DependsOnMethod" name="createAccount" time="13.764"/>
  <testcase classname="TestNGExe.DependsOnMethod" name="deleteAccount" time="3.290"/>
</testsuite> <!-- TestNGExe.DependsOnMethod -->
