<?xml version="1.0" encoding="UTF-8"?>
<!-- Generated by org.testng.reporters.JUnitReportReporter -->
<testsuite hostname="MBP.local" failures="0" tests="4" name="TestNGExe.OrangeHRM" time="45.085" errors="0" timestamp="2025-02-06T13:56:23 IST" skipped="0">
  <testcase classname="TestNGExe.OrangeHRM" name="reciever" time="11.053">
    <system-out>
      <![CDATA[I'm reciever for login
I'm reciever for login]]>
    </system-out>
  </testcase> <!-- reciever -->
  <testcase classname="TestNGExe.OrangeHRM" name="reciever" time="11.547">
    <system-out>
      <![CDATA[I'm reciever for login
I'm reciever for login]]>
    </system-out>
  </testcase> <!-- reciever -->
  <testcase classname="TestNGExe.OrangeHRM" name="reciever" time="11.696">
    <system-out>
      <![CDATA[I'm reciever for login
I'm reciever for login]]>
    </system-out>
  </testcase> <!-- reciever -->
  <testcase classname="TestNGExe.OrangeHRM" name="reciever" time="10.789">
    <system-out>
      <![CDATA[I'm reciever for login
I'm reciever for login]]>
    </system-out>
  </testcase> <!-- reciever -->
  <system-out>
    <![CDATA[I'm a data provider
I'm reciever for login
I'm reciever for login
I'm reciever for login
I'm reciever for login
I'm reciever for login
I'm reciever for login
I'm reciever for login
I'm reciever for login]]>
  </system-out>
</testsuite> <!-- TestNGExe.OrangeHRM -->
