<?xml version="1.0" encoding="UTF-8"?>
<!-- Generated by org.testng.reporters.JUnitReportReporter -->
<testsuite hostname="MBP.local" failures="0" tests="1" name="TestCaseExecution1.Dws" time="4.707" errors="0" timestamp="2025-02-15T14:08:28 IST" skipped="0">
  <testcase classname="TestCaseExecution1.Dws" name="dws" time="4.707">
    <system-out>
      <![CDATA[onTestStart for - dws
onTestSuccess for - dws]]>
    </system-out>
  </testcase> <!-- dws -->
  <system-out>
    <![CDATA[onStart
onTestStart for - dws
onTestSuccess for - dws
onTestStart for - csk
onTestSuccess for - csk
onTestStart for - tvs
onTestSuccess for - tvs
onTestStart for - royalEnfield
onTestSuccess for - royalEnfield
onTestStart for - amazon
onTestSuccess for - amazon
onTestStart for - dws
onTestSuccess for - dws
onTestStart for - flipkart
onTestSuccess for - flipkart
onTestStart for - rcb
onTestSuccess for - rcb
onTestStart for - ktm
onTestSuccess for - ktm]]>
  </system-out>
</testsuite> <!-- TestCaseExecution1.Dws -->
