<?xml version="1.0" encoding="UTF-8"?>
<!-- Generated by org.testng.reporters.JUnitReportReporter -->
<testsuite hostname="MBP.local" failures="0" tests="3" name="TestNGExe.ConfiguratiionAnnotations" time="0.010" errors="0" timestamp="2025-02-05T23:14:24 IST" skipped="0">
  <testcase classname="TestNGExe.ConfiguratiionAnnotations" name="testMethod3" time="0.004"/>
  <testcase classname="TestNGExe.ConfiguratiionAnnotations" name="testMethod" time="0.005"/>
  <testcase classname="TestNGExe.ConfiguratiionAnnotations" name="testMethod2" time="0.001"/>
</testsuite> <!-- TestNGExe.ConfiguratiionAnnotations -->
