<?xml version="1.0" encoding="UTF-8"?>
<!-- Generated by org.testng.reporters.JUnitReportReporter -->
<testsuite hostname="MBP.local" failures="0" tests="4" name="TestNGExe.UsingDataProvider" time="39.479" errors="0" timestamp="2025-02-05T15:38:03 IST" skipped="0">
  <testcase classname="TestNGExe.UsingDataProvider" name="dws" time="9.809"/>
  <testcase classname="TestNGExe.UsingDataProvider" name="dws" time="9.547"/>
  <testcase classname="TestNGExe.UsingDataProvider" name="dws" time="10.254"/>
  <testcase classname="TestNGExe.UsingDataProvider" name="dws" time="9.869"/>
</testsuite> <!-- TestNGExe.UsingDataProvider -->
