<?xml version="1.0" encoding="UTF-8"?>
<!-- Generated by org.testng.reporters.JUnitReportReporter -->
<testsuite hostname="MBP.local" failures="0" tests="3" name="TestCaseExecution1.Ecommerce" time="9.497" errors="0" timestamp="2025-02-04T13:30:04 IST" skipped="0">
  <testcase classname="TestCaseExecution1.Ecommerce" name="flipkart" time="3.063"/>
  <testcase classname="TestCaseExecution1.Ecommerce" name="amazon" time="3.400"/>
  <testcase classname="TestCaseExecution1.Ecommerce" name="dws" time="3.034"/>
</testsuite> <!-- TestCaseExecution1.Ecommerce -->
