<?xml version="1.0" encoding="UTF-8"?>
<!-- Generated by org.testng.reporters.JUnitReportReporter -->
<testsuite hostname="MBP.local" failures="0" tests="1" name="Listeners.FailedTestCaseScreenShot" time="15.263" errors="0" timestamp="2025-02-13T14:22:14 IST" skipped="0">
  <testcase classname="Listeners.FailedTestCaseScreenShot" name="digitalDownload" time="15.263">
    <system-out>
      <![CDATA[onTestStart for - digitalDownload
Product is successfully added
onTestSuccess for - digitalDownload]]>
    </system-out>
  </testcase> <!-- digitalDownload -->
  <system-out>
    <![CDATA[onStart
onTestStart for - digitalDownload
Product is successfully added
onTestSuccess for - digitalDownload]]>
  </system-out>
</testsuite> <!-- Listeners.FailedTestCaseScreenShot -->
