<?xml version="1.0" encoding="UTF-8"?>
<!-- Generated by org.testng.reporters.JUnitReportReporter -->
<testsuite hostname="MBP.local" failures="0" tests="1" name="Assertion.DwsAssesment" time="5.694" errors="0" timestamp="2025-02-08T09:46:27 IST" skipped="0">
  <testcase classname="Assertion.DwsAssesment" name="test" time="5.694">
    <system-out>
      <![CDATA[I'm in the Correct Page.
Login button present
Username Passed
Password Passed]]>
    </system-out>
  </testcase> <!-- test -->
  <system-out>
    <![CDATA[I'm in the Correct Page.
Login button present
Username Passed
Password Passed]]>
  </system-out>
</testsuite> <!-- Assertion.DwsAssesment -->
