<?xml version="1.0" encoding="UTF-8"?>
<!-- Generated by org.testng.reporters.JUnitReportReporter -->
<testsuite hostname="MBP.local" failures="0" tests="3" name="ExtenteReportMethods.UsingListeners" time="29.761" errors="0" timestamp="2025-02-14T15:18:55 IST" skipped="0">
  <testcase classname="ExtenteReportMethods.UsingListeners" name="main1" time="9.031">
    <system-out>
      <![CDATA[Main1 executed.]]>
    </system-out>
  </testcase> <!-- main1 -->
  <testcase classname="ExtenteReportMethods.UsingListeners" name="main3" time="9.973">
    <system-out>
      <![CDATA[Main3 executed.]]>
    </system-out>
  </testcase> <!-- main3 -->
  <testcase classname="ExtenteReportMethods.UsingListeners" name="main2" time="10.757">
    <system-out>
      <![CDATA[Main2 executed.]]>
    </system-out>
  </testcase> <!-- main2 -->
  <system-out>
    <![CDATA[onStart
Main1 executed.
Main2 executed.
Main3 executed.]]>
  </system-out>
</testsuite> <!-- ExtenteReportMethods.UsingListeners -->
