<?xml version="1.0" encoding="UTF-8"?>
<!-- Generated by org.testng.reporters.JUnitReportReporter -->
<testsuite hostname="MBP.local" failures="0" tests="3" name="TestNGExe.Prioritization" time="17.650" errors="0" timestamp="2025-01-24T10:48:53 IST" skipped="0">
  <testcase classname="TestNGExe.Prioritization" name="rcb" time="4.009"/>
  <testcase classname="TestNGExe.Prioritization" name="dws" time="6.430"/>
  <testcase classname="TestNGExe.Prioritization" name="csk" time="7.211"/>
</testsuite> <!-- TestNGExe.Prioritization -->
